<?xml version="1.0" encoding="UTF-8"?>
<!-- Generated by org.testng.reporters.JUnitXMLReporter -->
<testsuite ignored="0" hostname="DESKTOP-A56BPV6" failures="1" tests="5" name="Test2" time="13.048" errors="0" timestamp="2026-01-20T18:38:30 IST">
  <testcase classname="FunctionalTest.Test102" name="test02" time="7.553"/>
  <testcase classname="FunctionalTest.Test102" name="test01" time="7.911"/>
  <testcase classname="FunctionalTest.Test102" name="test01" time="8.22"/>
  <testcase classname="FunctionalTest.Test102" name="test01" time="10.238">
    <failure type="org.testng.internal.thread.ThreadTimeoutException" message="Method FunctionalTest.Test102.test01() didn&amp;apos;t finish within the time-out 10000">
      <![CDATA[org.testng.internal.thread.ThreadTimeoutException: Method FunctionalTest.Test102.test01() didn't finish within the time-out 10000
at java.base/java.util.concurrent.FutureTask.run(FutureTask.java:317)
at java.base/java.util.concurrent.ThreadPoolExecutor.runWorker(ThreadPoolExecutor.java:1144)
at java.base/java.util.concurrent.ThreadPoolExecutor$Worker.run(ThreadPoolExecutor.java:642)
at java.base/java.lang.Thread.run(Thread.java:1575)
... Removed 10 stack frames]]>
    </failure>
  </testcase> <!-- test01 -->
  <testcase classname="FunctionalTest.Test102" name="test03" time="13.041"/>
</testsuite> <!-- Test2 -->
