<?xml version="1.0" encoding="UTF-8"?>
<!-- Generated by org.testng.reporters.JUnitXMLReporter -->
<testsuite ignored="0" hostname="DESKTOP-A56BPV6" failures="0" tests="3" name="Test" time="13.348" errors="0" timestamp="2026-01-20T18:38:17 IST">
  <testcase classname="FunctionalTest.Test101" name="test01" time="7.16"/>
  <testcase classname="FunctionalTest.Test101" name="test02" time="11.14"/>
  <testcase classname="FunctionalTest.Test101" name="test03" time="13.176"/>
</testsuite> <!-- Test -->
