<?xml version="1.0" encoding="UTF-8"?>
<!-- Generated by org.testng.reporters.JUnitXMLReporter -->
<testsuite ignored="0" hostname="DESKTOP-A56BPV6" failures="0" tests="3" name="Test2" time="11.045" errors="0" timestamp="2026-01-20T22:33:03 IST">
  <testcase classname="FunctionalTest.Test102" name="test02" time="5.268"/>
  <testcase classname="FunctionalTest.Test102" name="test01" time="9.845"/>
  <testcase classname="FunctionalTest.Test102" name="test03" time="11.038"/>
</testsuite> <!-- Test2 -->
