<?xml version="1.0" encoding="UTF-8"?>
<!-- Generated by org.testng.reporters.JUnitXMLReporter -->
<testsuite ignored="0" hostname="DESKTOP-A56BPV6" failures="0" tests="3" name="Test" time="10.748" errors="0" timestamp="2026-01-20T22:32:52 IST">
  <testcase classname="FunctionalTest.Test101" name="test01" time="6.351"/>
  <testcase classname="FunctionalTest.Test101" name="test02" time="10.365"/>
  <testcase classname="FunctionalTest.Test101" name="test03" time="10.664"/>
</testsuite> <!-- Test -->
