<?xml version="1.0" encoding="UTF-8"?>
<testng-results ignored="0" total="6" passed="6" failed="0" skipped="0">
  <reporter-output>
  </reporter-output>
  <suite started-at="2026-01-20T22:32:41 IST" name="Suite" finished-at="2026-01-20T22:33:03 IST" duration-ms="21860">
    <groups>
      <group name="regression">
        <method signature="Test101.test01()[pri:0, instance:FunctionalTest.Test101@4567f35d]" name="test01" class="FunctionalTest.Test101"/>
        <method signature="Test101.test02()[pri:0, instance:FunctionalTest.Test101@4567f35d]" name="test02" class="FunctionalTest.Test101"/>
        <method signature="Test101.test03()[pri:0, instance:FunctionalTest.Test101@4567f35d]" name="test03" class="FunctionalTest.Test101"/>
        <method signature="Test102.test02()[pri:0, instance:FunctionalTest.Test102@459e9125]" name="test02" class="FunctionalTest.Test102"/>
        <method signature="Test102.test03()[pri:0, instance:FunctionalTest.Test102@459e9125]" name="test03" class="FunctionalTest.Test102"/>
      </group> <!-- regression -->
      <group name="smoke">
        <method signature="Test101.test01()[pri:0, instance:FunctionalTest.Test101@4567f35d]" name="test01" class="FunctionalTest.Test101"/>
        <method signature="Test101.test02()[pri:0, instance:FunctionalTest.Test101@4567f35d]" name="test02" class="FunctionalTest.Test101"/>
        <method signature="Test101.test03()[pri:0, instance:FunctionalTest.Test101@4567f35d]" name="test03" class="FunctionalTest.Test101"/>
        <method signature="Test102.test02()[pri:0, instance:FunctionalTest.Test102@459e9125]" name="test02" class="FunctionalTest.Test102"/>
        <method signature="Test102.test03()[pri:0, instance:FunctionalTest.Test102@459e9125]" name="test03" class="FunctionalTest.Test102"/>
      </group> <!-- smoke -->
    </groups>
    <test started-at="2026-01-20T22:32:41 IST" name="Test" finished-at="2026-01-20T22:32:52 IST" duration-ms="10748">
      <class name="FunctionalTest.Test101">
        <test-method signature="test02()[pri:0, instance:FunctionalTest.Test101@4567f35d]" started-at="2026-01-20T22:32:41 IST" name="test02" finished-at="2026-01-20T22:32:52 IST" duration-ms="10365" status="PASS">
          <reporter-output>
          </reporter-output>
        </test-method> <!-- test02 -->
        <test-method signature="test01()[pri:0, instance:FunctionalTest.Test101@4567f35d]" started-at="2026-01-20T22:32:41 IST" name="test01" finished-at="2026-01-20T22:32:47 IST" duration-ms="6351" status="PASS">
          <reporter-output>
          </reporter-output>
        </test-method> <!-- test01 -->
        <test-method signature="test03()[pri:0, instance:FunctionalTest.Test101@4567f35d]" started-at="2026-01-20T22:32:41 IST" name="test03" finished-at="2026-01-20T22:32:52 IST" duration-ms="10664" status="PASS">
          <reporter-output>
          </reporter-output>
        </test-method> <!-- test03 -->
      </class> <!-- FunctionalTest.Test101 -->
    </test> <!-- Test -->
    <test started-at="2026-01-20T22:32:52 IST" name="Test2" finished-at="2026-01-20T22:33:03 IST" duration-ms="11045">
      <class name="FunctionalTest.Test102">
        <test-method signature="test02()[pri:0, instance:FunctionalTest.Test102@459e9125]" started-at="2026-01-20T22:32:52 IST" name="test02" finished-at="2026-01-20T22:32:57 IST" duration-ms="5268" status="PASS">
          <reporter-output>
          </reporter-output>
        </test-method> <!-- test02 -->
        <test-method signature="test01()[pri:0, instance:FunctionalTest.Test102@459e9125]" started-at="2026-01-20T22:32:52 IST" name="test01" finished-at="2026-01-20T22:33:02 IST" duration-ms="9845" status="PASS">
          <reporter-output>
          </reporter-output>
        </test-method> <!-- test01 -->
        <test-method signature="test03()[pri:0, instance:FunctionalTest.Test102@459e9125]" started-at="2026-01-20T22:32:52 IST" name="test03" finished-at="2026-01-20T22:33:03 IST" duration-ms="11038" status="PASS">
          <reporter-output>
          </reporter-output>
        </test-method> <!-- test03 -->
      </class> <!-- FunctionalTest.Test102 -->
    </test> <!-- Test2 -->
  </suite> <!-- Suite -->
</testng-results>
