<?xml version="1.0" encoding="UTF-8"?>
<testng-results ignored="0" total="8" passed="7" failed="1" skipped="0">
  <reporter-output>
  </reporter-output>
  <suite started-at="2026-01-20T18:38:04 IST" name="Suite" finished-at="2026-01-20T18:38:30 IST" duration-ms="26534">
    <groups>
      <group name="regression">
        <method signature="Test101.test01()[pri:0, instance:FunctionalTest.Test101@408d971b]" name="test01" class="FunctionalTest.Test101"/>
        <method signature="Test101.test02()[pri:0, instance:FunctionalTest.Test101@408d971b]" name="test02" class="FunctionalTest.Test101"/>
        <method signature="Test101.test03()[pri:0, instance:FunctionalTest.Test101@408d971b]" name="test03" class="FunctionalTest.Test101"/>
        <method signature="Test102.test01()[pri:0, instance:FunctionalTest.Test102@6200f9cb]" name="test01" class="FunctionalTest.Test102"/>
        <method signature="Test102.test02()[pri:0, instance:FunctionalTest.Test102@6200f9cb]" name="test02" class="FunctionalTest.Test102"/>
        <method signature="Test102.test03()[pri:0, instance:FunctionalTest.Test102@6200f9cb]" name="test03" class="FunctionalTest.Test102"/>
      </group> <!-- regression -->
      <group name="smoke">
        <method signature="Test101.test01()[pri:0, instance:FunctionalTest.Test101@408d971b]" name="test01" class="FunctionalTest.Test101"/>
        <method signature="Test101.test02()[pri:0, instance:FunctionalTest.Test101@408d971b]" name="test02" class="FunctionalTest.Test101"/>
        <method signature="Test101.test03()[pri:0, instance:FunctionalTest.Test101@408d971b]" name="test03" class="FunctionalTest.Test101"/>
        <method signature="Test102.test01()[pri:0, instance:FunctionalTest.Test102@6200f9cb]" name="test01" class="FunctionalTest.Test102"/>
        <method signature="Test102.test02()[pri:0, instance:FunctionalTest.Test102@6200f9cb]" name="test02" class="FunctionalTest.Test102"/>
        <method signature="Test102.test03()[pri:0, instance:FunctionalTest.Test102@6200f9cb]" name="test03" class="FunctionalTest.Test102"/>
      </group> <!-- smoke -->
    </groups>
    <test started-at="2026-01-20T18:38:04 IST" name="Test" finished-at="2026-01-20T18:38:17 IST" duration-ms="13348">
      <class name="FunctionalTest.Test101">
        <test-method signature="test02()[pri:0, instance:FunctionalTest.Test101@408d971b]" started-at="2026-01-20T18:38:04 IST" name="test02" finished-at="2026-01-20T18:38:15 IST" duration-ms="11140" status="PASS">
          <reporter-output>
          </reporter-output>
        </test-method> <!-- test02 -->
        <test-method signature="test03()[pri:0, instance:FunctionalTest.Test101@408d971b]" started-at="2026-01-20T18:38:04 IST" name="test03" finished-at="2026-01-20T18:38:17 IST" duration-ms="13176" status="PASS">
          <reporter-output>
          </reporter-output>
        </test-method> <!-- test03 -->
        <test-method signature="test01()[pri:0, instance:FunctionalTest.Test101@408d971b]" started-at="2026-01-20T18:38:04 IST" name="test01" finished-at="2026-01-20T18:38:11 IST" duration-ms="7160" status="PASS">
          <reporter-output>
          </reporter-output>
        </test-method> <!-- test01 -->
      </class> <!-- FunctionalTest.Test101 -->
    </test> <!-- Test -->
    <test started-at="2026-01-20T18:38:17 IST" name="Test2" finished-at="2026-01-20T18:38:30 IST" duration-ms="13048">
      <class name="FunctionalTest.Test102">
        <test-method signature="test02()[pri:0, instance:FunctionalTest.Test102@6200f9cb]" started-at="2026-01-20T18:38:17 IST" name="test02" finished-at="2026-01-20T18:38:25 IST" duration-ms="7553" status="PASS">
          <reporter-output>
          </reporter-output>
        </test-method> <!-- test02 -->
        <test-method signature="test03()[pri:0, instance:FunctionalTest.Test102@6200f9cb]" started-at="2026-01-20T18:38:17 IST" name="test03" finished-at="2026-01-20T18:38:30 IST" duration-ms="13041" status="PASS">
          <reporter-output>
          </reporter-output>
        </test-method> <!-- test03 -->
        <test-method signature="test01()[pri:0, instance:FunctionalTest.Test102@6200f9cb]" started-at="2026-01-20T18:38:17 IST" name="test01" finished-at="2026-01-20T18:38:26 IST" duration-ms="8220" status="PASS">
          <reporter-output>
          </reporter-output>
        </test-method> <!-- test01 -->
        <test-method signature="test01()[pri:0, instance:FunctionalTest.Test102@6200f9cb]" started-at="2026-01-20T18:38:17 IST" name="test01" finished-at="2026-01-20T18:38:25 IST" duration-ms="7911" status="PASS">
          <reporter-output>
          </reporter-output>
        </test-method> <!-- test01 -->
        <test-method signature="test01()[pri:0, instance:FunctionalTest.Test102@6200f9cb]" started-at="2026-01-20T18:38:17 IST" name="test01" finished-at="2026-01-20T18:38:28 IST" duration-ms="10238" status="FAIL">
          <exception class="org.testng.internal.thread.ThreadTimeoutException">
            <message>
              <![CDATA[Method FunctionalTest.Test102.test01() didn't finish within the time-out 10000]]>
            </message>
            <full-stacktrace>
              <![CDATA[org.testng.internal.thread.ThreadTimeoutException: Method FunctionalTest.Test102.test01() didn't finish within the time-out 10000
at org.testng.internal.invokers.MethodInvocationHelper.invokeWithTimeoutWithNoExecutor(MethodInvocationHelper.java:368)
at org.testng.internal.invokers.MethodInvocationHelper.invokeWithTimeout(MethodInvocationHelper.java:308)
at org.testng.internal.invokers.TestInvoker.invokeMethod(TestInvoker.java:695)
at org.testng.internal.invokers.TestInvoker.invokeTestMethod(TestInvoker.java:230)
at org.testng.internal.invokers.MethodRunner.runInSequence(MethodRunner.java:63)
at org.testng.internal.invokers.TestInvoker$MethodInvocationAgent.invoke(TestInvoker.java:992)
at org.testng.internal.invokers.TestInvoker.invokeTestMethods(TestInvoker.java:203)
at org.testng.internal.invokers.TestMethodWorker.invokeTestMethods(TestMethodWorker.java:154)
at org.testng.internal.invokers.TestMethodWorker.run(TestMethodWorker.java:134)
at org.testng.internal.thread.ThreadUtil.lambda$execute$0(ThreadUtil.java:64)
at java.base/java.util.concurrent.FutureTask.run(FutureTask.java:317)
at java.base/java.util.concurrent.ThreadPoolExecutor.runWorker(ThreadPoolExecutor.java:1144)
at java.base/java.util.concurrent.ThreadPoolExecutor$Worker.run(ThreadPoolExecutor.java:642)
at java.base/java.lang.Thread.run(Thread.java:1575)
]]>
            </full-stacktrace>
          </exception> <!-- org.testng.internal.thread.ThreadTimeoutException -->
          <reporter-output>
          </reporter-output>
        </test-method> <!-- test01 -->
      </class> <!-- FunctionalTest.Test102 -->
    </test> <!-- Test2 -->
  </suite> <!-- Suite -->
</testng-results>
