<?xml version="1.0" encoding="UTF-8"?>
<!-- Generated by org.testng.reporters.JUnitReportReporter -->
<testsuite hostname="DESKTOP-A56BPV6" failures="0" tests="3" name="FunctionalTest.Test101" time="31.476" errors="0" timestamp="2026-01-20T18:38:31 IST" skipped="0">
  <testcase classname="FunctionalTest.Test101" name="test02" time="11.140"/>
  <testcase classname="FunctionalTest.Test101" name="test03" time="13.176"/>
  <testcase classname="FunctionalTest.Test101" name="test01" time="7.160"/>
</testsuite> <!-- FunctionalTest.Test101 -->
