<?xml version="1.0" encoding="UTF-8"?>
<!-- Generated by org.testng.reporters.JUnitReportReporter -->
<testsuite hostname="DESKTOP-A56BPV6" failures="0" tests="3" name="FunctionalTest.Test102" time="26.151" errors="0" timestamp="2026-01-20T22:33:03 IST" skipped="0">
  <testcase classname="FunctionalTest.Test102" name="test02" time="5.268"/>
  <testcase classname="FunctionalTest.Test102" name="test01" time="9.845"/>
  <testcase classname="FunctionalTest.Test102" name="test03" time="11.038"/>
</testsuite> <!-- FunctionalTest.Test102 -->
