<?xml version="1.0" encoding="UTF-8"?>
<!-- Generated by org.testng.reporters.JUnitReportReporter -->
<testsuite hostname="DESKTOP-A56BPV6" failures="0" tests="3" name="FunctionalTest.Test101" time="27.380" errors="0" timestamp="2026-01-20T22:33:03 IST" skipped="0">
  <testcase classname="FunctionalTest.Test101" name="test02" time="10.365"/>
  <testcase classname="FunctionalTest.Test101" name="test01" time="6.351"/>
  <testcase classname="FunctionalTest.Test101" name="test03" time="10.664"/>
</testsuite> <!-- FunctionalTest.Test101 -->
